# JRE version: Java(TM) SE Runtime Environment (8.0_92-b14) (build 1.8.0_92-b14)
# Java VM: Java HotSpot(TM) 64-Bit Server VM (25.92-b14 mixed mode windows-amd64 compressed oops)
Heap:
 PSYoungGen      total 58368K, used 6755K [0x00000000d6d00000, 0x00000000db380000, 0x0000000100000000)
  eden space 53248K, 4% used [0x00000000d6d00000,0x00000000d6f230f0,0x00000000da100000)
  from space 5120K, 89% used [0x00000000da980000,0x00000000dadf5be8,0x00000000dae80000)
  to   space 3584K, 0% used [0x00000000db000000,0x00000000db000000,0x00000000db380000)
 ParOldGen       total 49664K, used 4765K [0x0000000084600000, 0x0000000087680000, 0x00000000d6d00000)
  object space 49664K, 9% used [0x0000000084600000,0x0000000084aa75e0,0x0000000087680000)
 Metaspace       used 20083K, capacity 20348K, committed 20480K, reserved 1069056K
  class space    used 2430K, capacity 2511K, committed 2560K, reserved 1048576K
GC Heap History (10 events):
Event: 1.816 GC heap before
{Heap before GC invocations=2 (full 0):
 PSYoungGen      total 36864K, used 36482K [0x00000000d6d00000, 0x00000000d9600000, 0x0000000100000000)
  eden space 31744K, 100% used [0x00000000d6d00000,0x00000000d8c00000,0x00000000d8c00000)
  from space 5120K, 92% used [0x00000000d8c00000,0x00000000d90a0b10,0x00000000d9100000)
  to   space 5120K, 0% used [0x00000000d9100000,0x00000000d9100000,0x00000000d9600000)
 ParOldGen       total 84992K, used 8K [0x0000000084600000, 0x0000000089900000, 0x00000000d6d00000)
  object space 84992K, 0% used [0x0000000084600000,0x0000000084602000,0x0000000089900000)
 Metaspace       used 11824K, capacity 12036K, committed 12288K, reserved 1060864K
  class space    used 1443K, capacity 1497K, committed 1536K, reserved 1048576K
Event: 1.826 GC heap after
Heap after GC invocations=2 (full 0):
 PSYoungGen      total 36864K, used 5119K [0x00000000d6d00000, 0x00000000db500000, 0x0000000100000000)
  eden space 31744K, 0% used [0x00000000d6d00000,0x00000000d6d00000,0x00000000d8c00000)
  from space 5120K, 99% used [0x00000000d9100000,0x00000000d95ffec8,0x00000000d9600000)
  to   space 5120K, 0% used [0x00000000d8c00000,0x00000000d8c00000,0x00000000d9100000)
 ParOldGen       total 84992K, used 887K [0x0000000084600000, 0x0000000089900000, 0x00000000d6d00000)
  object space 84992K, 1% used [0x0000000084600000,0x00000000846ddce0,0x0000000089900000)
 Metaspace       used 11824K, capacity 12036K, committed 12288K, reserved 1060864K
  class space    used 1443K, capacity 1497K, committed 1536K, reserved 1048576K
}
Event: 1.983 GC heap before
{Heap before GC invocations=3 (full 0):
 PSYoungGen      total 36864K, used 21934K [0x00000000d6d00000, 0x00000000db500000, 0x0000000100000000)
  eden space 31744K, 52% used [0x00000000d6d00000,0x00000000d7d6bc98,0x00000000d8c00000)
  from space 5120K, 99% used [0x00000000d9100000,0x00000000d95ffec8,0x00000000d9600000)
  to   space 5120K, 0% used [0x00000000d8c00000,0x00000000d8c00000,0x00000000d9100000)
 ParOldGen       total 84992K, used 887K [0x0000000084600000, 0x0000000089900000, 0x00000000d6d00000)
  object space 84992K, 1% used [0x0000000084600000,0x00000000846ddce0,0x0000000089900000)
 Metaspace       used 14700K, capacity 14858K, committed 14976K, reserved 1067008K
  class space    used 1790K, capacity 1818K, committed 1920K, reserved 1048576K
Event: 1.989 GC heap after
Heap after GC invocations=3 (full 0):
 PSYoungGen      total 36864K, used 4918K [0x00000000d6d00000, 0x00000000db500000, 0x0000000100000000)
  eden space 31744K, 0% used [0x00000000d6d00000,0x00000000d6d00000,0x00000000d8c00000)
  from space 5120K, 96% used [0x00000000d8c00000,0x00000000d90cdb60,0x00000000d9100000)
  to   space 5120K, 0% used [0x00000000db000000,0x00000000db000000,0x00000000db500000)
 ParOldGen       total 84992K, used 959K [0x0000000084600000, 0x0000000089900000, 0x00000000d6d00000)
  object space 84992K, 1% used [0x0000000084600000,0x00000000846efcf0,0x0000000089900000)
 Metaspace       used 14700K, capacity 14858K, committed 14976K, reserved 1067008K
  class space    used 1790K, capacity 1818K, committed 1920K, reserved 1048576K
}
Event: 1.989 GC heap before
{Heap before GC invocations=4 (full 1):
 PSYoungGen      total 36864K, used 4918K [0x00000000d6d00000, 0x00000000db500000, 0x0000000100000000)
  eden space 31744K, 0% used [0x00000000d6d00000,0x00000000d6d00000,0x00000000d8c00000)
  from space 5120K, 96% used [0x00000000d8c00000,0x00000000d90cdb60,0x00000000d9100000)
  to   space 5120K, 0% used [0x00000000db000000,0x00000000db000000,0x00000000db500000)
 ParOldGen       total 84992K, used 959K [0x0000000084600000, 0x0000000089900000, 0x00000000d6d00000)
  object space 84992K, 1% used [0x0000000084600000,0x00000000846efcf0,0x0000000089900000)
 Metaspace       used 14700K, capacity 14858K, committed 14976K, reserved 1067008K
  class space    used 1790K, capacity 1818K, committed 1920K, reserved 1048576K
Event: 2.012 GC heap after
Heap after GC invocations=4 (full 1):
 PSYoungGen      total 36864K, used 0K [0x00000000d6d00000, 0x00000000db500000, 0x0000000100000000)
  eden space 31744K, 0% used [0x00000000d6d00000,0x00000000d6d00000,0x00000000d8c00000)
  from space 5120K, 0% used [0x00000000d8c00000,0x00000000d8c00000,0x00000000d9100000)
  to   space 5120K, 0% used [0x00000000db000000,0x00000000db000000,0x00000000db500000)
 ParOldGen       total 49664K, used 4749K [0x0000000084600000, 0x0000000087680000, 0x00000000d6d00000)
  object space 49664K, 9% used [0x0000000084600000,0x0000000084aa35e0,0x0000000087680000)
 Metaspace       used 14700K, capacity 14858K, committed 14976K, reserved 1064960K
  class space    used 1790K, capacity 1818K, committed 1920K, reserved 1048576K
}
Event: 2.673 GC heap before
{Heap before GC invocations=5 (full 1):
 PSYoungGen      total 36864K, used 31744K [0x00000000d6d00000, 0x00000000db500000, 0x0000000100000000)
  eden space 31744K, 100% used [0x00000000d6d00000,0x00000000d8c00000,0x00000000d8c00000)
  from space 5120K, 0% used [0x00000000d8c00000,0x00000000d8c00000,0x00000000d9100000)
  to   space 5120K, 0% used [0x00000000db000000,0x00000000db000000,0x00000000db500000)
 ParOldGen       total 49664K, used 4749K [0x0000000084600000, 0x0000000087680000, 0x00000000d6d00000)
  object space 49664K, 9% used [0x0000000084600000,0x0000000084aa35e0,0x0000000087680000)
 Metaspace       used 18855K, capacity 19138K, committed 19328K, reserved 1067008K
  class space    used 2291K, capacity 2373K, committed 2432K, reserved 1048576K
Event: 2.694 GC heap after
Heap after GC invocations=5 (full 1):
 PSYoungGen      total 56832K, used 3387K [0x00000000d6d00000, 0x00000000db380000, 0x0000000100000000)
  eden space 53248K, 0% used [0x00000000d6d00000,0x00000000d6d00000,0x00000000da100000)
  from space 3584K, 94% used [0x00000000db000000,0x00000000db34ef28,0x00000000db380000)
  to   space 5120K, 0% used [0x00000000da980000,0x00000000da980000,0x00000000dae80000)
 ParOldGen       total 49664K, used 4757K [0x0000000084600000, 0x0000000087680000, 0x00000000d6d00000)
  object space 49664K, 9% used [0x0000000084600000,0x0000000084aa55e0,0x0000000087680000)
 Metaspace       used 18855K, capacity 19138K, committed 19328K, reserved 1067008K
  class space    used 2291K, capacity 2373K, committed 2432K, reserved 1048576K
}
Event: 3.448 GC heap before
{Heap before GC invocations=6 (full 1):
 PSYoungGen      total 56832K, used 56635K [0x00000000d6d00000, 0x00000000db380000, 0x0000000100000000)
  eden space 53248K, 100% used [0x00000000d6d00000,0x00000000da100000,0x00000000da100000)
  from space 3584K, 94% used [0x00000000db000000,0x00000000db34ef28,0x00000000db380000)
  to   space 5120K, 0% used [0x00000000da980000,0x00000000da980000,0x00000000dae80000)
 ParOldGen       total 49664K, used 4757K [0x0000000084600000, 0x0000000087680000, 0x00000000d6d00000)
  object space 49664K, 9% used [0x0000000084600000,0x0000000084aa55e0,0x0000000087680000)
 Metaspace       used 20022K, capacity 20284K, committed 20480K, reserved 1069056K
  class space    used 2420K, capacity 2511K, committed 2560K, reserved 1048576K
Event: 3.456 GC heap after
Heap after GC invocations=6 (full 1):
 PSYoungGen      total 58368K, used 4566K [0x00000000d6d00000, 0x00000000db380000, 0x0000000100000000)
  eden space 53248K, 0% used [0x00000000d6d00000,0x00000000d6d00000,0x00000000da100000)
  from space 5120K, 89% used [0x00000000da980000,0x00000000dadf5be8,0x00000000dae80000)
  to   space 3584K, 0% used [0x00000000db000000,0x00000000db000000,0x00000000db380000)
 ParOldGen       total 49664K, used 4765K [0x0000000084600000, 0x0000000087680000, 0x00000000d6d00000)
  object space 49664K, 9% used [0x0000000084600000,0x0000000084aa75e0,0x0000000087680000)
 Metaspace       used 20022K, capacity 20284K, committed 20480K, reserved 1069056K
  class space    used 2420K, capacity 2511K, committed 2560K, reserved 1048576K
}

