# JRE version: Java(TM) SE Runtime Environment (8.0_92-b14) (build 1.8.0_92-b14)
# Java VM: Java HotSpot(TM) 64-Bit Server VM (25.92-b14 mixed mode windows-amd64 compressed oops)
Heap:
 PSYoungGen      total 243712K, used 15649K [0x00000000d6d00000, 0x00000000f3800000, 0x0000000100000000)
  eden space 227840K, 6% used [0x00000000d6d00000,0x00000000d7c48688,0x00000000e4b80000)
  from space 15872K, 0% used [0x00000000e4b80000,0x00000000e4b80000,0x00000000e5b00000)
  to   space 15872K, 0% used [0x00000000f2880000,0x00000000f2880000,0x00000000f3800000)
 ParOldGen       total 73216K, used 20000K [0x0000000084600000, 0x0000000088d80000, 0x00000000d6d00000)
  object space 73216K, 27% used [0x0000000084600000,0x00000000859882c0,0x0000000088d80000)
 Metaspace       used 34953K, capacity 35402K, committed 35712K, reserved 1081344K
  class space    used 4282K, capacity 4394K, committed 4480K, reserved 1048576K
GC Heap History (10 events):
Event: 14.088 GC heap before
{Heap before GC invocations=5 (full 1):
 PSYoungGen      total 132096K, used 5112K [0x00000000d6d00000, 0x00000000df300000, 0x0000000100000000)
  eden space 126976K, 0% used [0x00000000d6d00000,0x00000000d6d00000,0x00000000de900000)
  from space 5120K, 99% used [0x00000000dee00000,0x00000000df2fe030,0x00000000df300000)
  to   space 5120K, 0% used [0x00000000de900000,0x00000000de900000,0x00000000dee00000)
 ParOldGen       total 84992K, used 7679K [0x0000000084600000, 0x0000000089900000, 0x00000000d6d00000)
  object space 84992K, 9% used [0x0000000084600000,0x0000000084d7fd38,0x0000000089900000)
 Metaspace       used 20805K, capacity 21094K, committed 21296K, reserved 1069056K
  class space    used 2508K, capacity 2609K, committed 2688K, reserved 1048576K
Event: 14.157 GC heap after
Heap after GC invocations=5 (full 1):
 PSYoungGen      total 132096K, used 0K [0x00000000d6d00000, 0x00000000df300000, 0x0000000100000000)
  eden space 126976K, 0% used [0x00000000d6d00000,0x00000000d6d00000,0x00000000de900000)
  from space 5120K, 0% used [0x00000000dee00000,0x00000000dee00000,0x00000000df300000)
  to   space 5120K, 0% used [0x00000000de900000,0x00000000de900000,0x00000000dee00000)
 ParOldGen       total 49664K, used 7949K [0x0000000084600000, 0x0000000087680000, 0x00000000d6d00000)
  object space 49664K, 16% used [0x0000000084600000,0x0000000084dc3500,0x0000000087680000)
 Metaspace       used 20805K, capacity 21094K, committed 21296K, reserved 1069056K
  class space    used 2508K, capacity 2609K, committed 2688K, reserved 1048576K
}
Event: 18.365 GC heap before
{Heap before GC invocations=6 (full 1):
 PSYoungGen      total 132096K, used 126976K [0x00000000d6d00000, 0x00000000df300000, 0x0000000100000000)
  eden space 126976K, 100% used [0x00000000d6d00000,0x00000000de900000,0x00000000de900000)
  from space 5120K, 0% used [0x00000000dee00000,0x00000000dee00000,0x00000000df300000)
  to   space 5120K, 0% used [0x00000000de900000,0x00000000de900000,0x00000000dee00000)
 ParOldGen       total 49664K, used 7949K [0x0000000084600000, 0x0000000087680000, 0x00000000d6d00000)
  object space 49664K, 16% used [0x0000000084600000,0x0000000084dc3500,0x0000000087680000)
 Metaspace       used 29207K, capacity 29598K, committed 29824K, reserved 1075200K
  class space    used 3532K, capacity 3644K, committed 3712K, reserved 1048576K
Event: 18.407 GC heap after
Heap after GC invocations=6 (full 1):
 PSYoungGen      total 132096K, used 5104K [0x00000000d6d00000, 0x00000000e6900000, 0x0000000100000000)
  eden space 126976K, 0% used [0x00000000d6d00000,0x00000000d6d00000,0x00000000de900000)
  from space 5120K, 99% used [0x00000000de900000,0x00000000dedfc030,0x00000000dee00000)
  to   space 14336K, 0% used [0x00000000e5b00000,0x00000000e5b00000,0x00000000e6900000)
 ParOldGen       total 49664K, used 17182K [0x0000000084600000, 0x0000000087680000, 0x00000000d6d00000)
  object space 49664K, 34% used [0x0000000084600000,0x00000000856c7b78,0x0000000087680000)
 Metaspace       used 29207K, capacity 29598K, committed 29824K, reserved 1075200K
  class space    used 3532K, capacity 3644K, committed 3712K, reserved 1048576K
}
Event: 20.939 GC heap before
{Heap before GC invocations=7 (full 1):
 PSYoungGen      total 132096K, used 132080K [0x00000000d6d00000, 0x00000000e6900000, 0x0000000100000000)
  eden space 126976K, 100% used [0x00000000d6d00000,0x00000000de900000,0x00000000de900000)
  from space 5120K, 99% used [0x00000000de900000,0x00000000dedfc030,0x00000000dee00000)
  to   space 14336K, 0% used [0x00000000e5b00000,0x00000000e5b00000,0x00000000e6900000)
 ParOldGen       total 49664K, used 17182K [0x0000000084600000, 0x0000000087680000, 0x00000000d6d00000)
  object space 49664K, 34% used [0x0000000084600000,0x00000000856c7b78,0x0000000087680000)
 Metaspace       used 34343K, capacity 34726K, committed 35072K, reserved 1079296K
  class space    used 4201K, capacity 4296K, committed 4352K, reserved 1048576K
Event: 21.340 GC heap after
Heap after GC invocations=7 (full 1):
 PSYoungGen      total 242176K, used 13274K [0x00000000d6d00000, 0x00000000e7900000, 0x0000000100000000)
  eden space 227840K, 0% used [0x00000000d6d00000,0x00000000d6d00000,0x00000000e4b80000)
  from space 14336K, 92% used [0x00000000e5b00000,0x00000000e67f6950,0x00000000e6900000)
  to   space 15872K, 0% used [0x00000000e4b80000,0x00000000e4b80000,0x00000000e5b00000)
 ParOldGen       total 49664K, used 17182K [0x0000000084600000, 0x0000000087680000, 0x00000000d6d00000)
  object space 49664K, 34% used [0x0000000084600000,0x00000000856c7b78,0x0000000087680000)
 Metaspace       used 34343K, capacity 34726K, committed 35072K, reserved 1079296K
  class space    used 4201K, capacity 4296K, committed 4352K, reserved 1048576K
}
Event: 21.766 GC heap before
{Heap before GC invocations=8 (full 1):
 PSYoungGen      total 242176K, used 18481K [0x00000000d6d00000, 0x00000000e7900000, 0x0000000100000000)
  eden space 227840K, 2% used [0x00000000d6d00000,0x00000000d7215c68,0x00000000e4b80000)
  from space 14336K, 92% used [0x00000000e5b00000,0x00000000e67f6950,0x00000000e6900000)
  to   space 15872K, 0% used [0x00000000e4b80000,0x00000000e4b80000,0x00000000e5b00000)
 ParOldGen       total 49664K, used 17182K [0x0000000084600000, 0x0000000087680000, 0x00000000d6d00000)
  object space 49664K, 34% used [0x0000000084600000,0x00000000856c7b78,0x0000000087680000)
 Metaspace       used 34726K, capacity 35110K, committed 35456K, reserved 1081344K
  class space    used 4245K, capacity 4360K, committed 4480K, reserved 1048576K
Event: 21.807 GC heap after
Heap after GC invocations=8 (full 1):
 PSYoungGen      total 243712K, used 10251K [0x00000000d6d00000, 0x00000000f3800000, 0x0000000100000000)
  eden space 227840K, 0% used [0x00000000d6d00000,0x00000000d6d00000,0x00000000e4b80000)
  from space 15872K, 64% used [0x00000000e4b80000,0x00000000e5582c48,0x00000000e5b00000)
  to   space 15872K, 0% used [0x00000000f2880000,0x00000000f2880000,0x00000000f3800000)
 ParOldGen       total 49664K, used 17190K [0x0000000084600000, 0x0000000087680000, 0x00000000d6d00000)
  object space 49664K, 34% used [0x0000000084600000,0x00000000856c9b78,0x0000000087680000)
 Metaspace       used 34726K, capacity 35110K, committed 35456K, reserved 1081344K
  class space    used 4245K, capacity 4360K, committed 4480K, reserved 1048576K
}
Event: 21.807 GC heap before
{Heap before GC invocations=9 (full 2):
 PSYoungGen      total 243712K, used 10251K [0x00000000d6d00000, 0x00000000f3800000, 0x0000000100000000)
  eden space 227840K, 0% used [0x00000000d6d00000,0x00000000d6d00000,0x00000000e4b80000)
  from space 15872K, 64% used [0x00000000e4b80000,0x00000000e5582c48,0x00000000e5b00000)
  to   space 15872K, 0% used [0x00000000f2880000,0x00000000f2880000,0x00000000f3800000)
 ParOldGen       total 49664K, used 17190K [0x0000000084600000, 0x0000000087680000, 0x00000000d6d00000)
  object space 49664K, 34% used [0x0000000084600000,0x00000000856c9b78,0x0000000087680000)
 Metaspace       used 34726K, capacity 35110K, committed 35456K, reserved 1081344K
  class space    used 4245K, capacity 4360K, committed 4480K, reserved 1048576K
Event: 21.998 GC heap after
Heap after GC invocations=9 (full 2):
 PSYoungGen      total 243712K, used 0K [0x00000000d6d00000, 0x00000000f3800000, 0x0000000100000000)
  eden space 227840K, 0% used [0x00000000d6d00000,0x00000000d6d00000,0x00000000e4b80000)
  from space 15872K, 0% used [0x00000000e4b80000,0x00000000e4b80000,0x00000000e5b00000)
  to   space 15872K, 0% used [0x00000000f2880000,0x00000000f2880000,0x00000000f3800000)
 ParOldGen       total 73216K, used 20000K [0x0000000084600000, 0x0000000088d80000, 0x00000000d6d00000)
  object space 73216K, 27% used [0x0000000084600000,0x00000000859882c0,0x0000000088d80000)
 Metaspace       used 34726K, capacity 35110K, committed 35456K, reserved 1081344K
  class space    used 4245K, capacity 4360K, committed 4480K, reserved 1048576K
}

